  error: subprocess-exited-with-error
  
  Getting requirements to build editable did not run successfully.
  exit code: 1
  
  [54 lines of output]
  C:\Users\Utkarsh\AppData\Local\Temp\pip-build-env-4syn125g\overlay\Lib\site-packages\setuptools\config\_apply_pyprojecttoml.py:82: SetuptoolsDeprecationWarning: `project.license` as a TOML table is deprecated
  !!
  
          ********************************************************************************
          Please use a simple string containing a SPDX expression for `project.license`. You can also use `project.license-files`. (Both options available on setuptools>=77.0.0).
  
          By 2027-Feb-18, you need to update your project and remove deprecated calls
          or your builds will no longer be supported.
  
          See https://packaging.python.org/en/latest/guides/writing-pyproject-toml/#license for details.
          ********************************************************************************
  
  !!
    corresp(dist, value, root_dir)
  C:\Users\Utkarsh\AppData\Local\Temp\pip-build-env-4syn125g\overlay\Lib\site-packages\setuptools\config\_apply_pyprojecttoml.py:61: SetuptoolsDeprecationWarning: License classifiers are deprecated.
  !!
  
          ********************************************************************************
          Please consider removing the following classifiers in favor of a SPDX license expression:
  
          License :: OSI Approved :: GNU Affero General Public License v3
  
          See https://packaging.python.org/en/latest/guides/writing-pyproject-toml/#license for details.
          ********************************************************************************
  
  !!
    dist._finalize_license_expression()
  C:\Users\Utkarsh\AppData\Local\Temp\pip-build-env-4syn125g\overlay\Lib\site-packages\setuptools\dist.py:765: SetuptoolsDeprecationWarning: License classifiers are deprecated.
  !!
  
          ********************************************************************************
          Please consider removing the following classifiers in favor of a SPDX license expression:
  
          License :: OSI Approved :: GNU Affero General Public License v3
  
          See https://packaging.python.org/en/latest/guides/writing-pyproject-toml/#license for details.
          ********************************************************************************
  
  !!
    self._finalize_license_expression()
  error: Multiple top-level packages discovered in a flat-layout: ['LICENSES', 'templates'].
  
  To avoid accidental inclusion of unwanted files or directories,
  setuptools will not proceed with this build.
  
  If you are trying to create a single distribution with multiple packages
  on purpose, you should not rely on automatic discovery.
  Instead, consider the following options:
  
  1. set up custom discovery (`find` directive with `include` or `exclude`)
  2. use a `src-layout`
  3. explicitly set `py_modules` or `packages` with a list of names
  
  To find more information, look for "package discovery" on setuptools docs.
  [end of output]
  
  note: This error originates from a subprocess, and is likely not a problem with pip.
ERROR: Failed to build 'file:///C:/Users/Utkarsh/Desktop/Project/ICML%202026/tools/posterly' when getting requirements to build editable
