    d=2 delta=1e-03: G in [4.0, 8.0] (chi2(4.0) = 4.85e-03)
    d=2 delta=1e-03: G in [4.0, 5.7] (chi2(5.7) = 8.04e-04)
    d=2 delta=1e-03: G in [4.8, 5.7] (chi2(4.8) = 2.06e-03)
    d=2 delta=1e-03: G in [5.2, 5.7] (chi2(5.2) = 1.30e-03)
    d=2 delta=1e-03: G in [5.4, 5.7] (chi2(5.4) = 1.03e-03)
[G*] d=2 delta=1e-03: G* = 5.5 [5.4, 5.7] (57s)
    d=4 delta=1e-03: G in [4.0, 8.0] (chi2(4.0) = 1.65e-02)
    d=4 delta=1e-03: G in [5.7, 8.0] (chi2(5.7) = 3.04e-03)
    d=4 delta=1e-03: G in [6.7, 8.0] (chi2(6.7) = 1.13e-03)
    d=4 delta=1e-03: G in [6.7, 7.3] (chi2(7.3) = 6.62e-04)
    d=4 delta=1e-03: G in [6.7, 7.0] (chi2(7.0) = 8.69e-04)
[G*] d=4 delta=1e-03: G* = 6.9 [6.7, 7.0] (770s)
    d=8 delta=1e-03: G in [8.0, 16.0] (chi2(16.0) = 7.68e-06)
    d=8 delta=1e-03: G in [8.0, 11.3] (chi2(11.3) = 1.83e-04)
    d=8 delta=1e-03: G in [8.0, 9.5] (chi2(9.5) = 6.58e-04)
    d=8 delta=1e-03: G in [8.7, 9.5] (chi2(8.7) = 1.17e-03)
    d=8 delta=1e-03: G in [8.7, 9.1] (chi2(9.1) = 8.81e-04)
[G*] d=8 delta=1e-03: G* = 8.9 [8.7, 9.1] (883s)
    d=16 delta=1e-03: G in [8.0, 16.0] (chi2(16.0) = 9.78e-05)
    d=16 delta=1e-03: G in [11.3, 16.0] (chi2(11.3) = 1.45e-03)
    d=16 delta=1e-03: G in [11.3, 13.5] (chi2(13.5) = 4.16e-04)
    d=16 delta=1e-03: G in [11.3, 12.3] (chi2(12.3) = 7.94e-04)
    d=16 delta=1e-03: G in [11.8, 12.3] (chi2(11.8) = 1.08e-03)
[G*] d=16 delta=1e-03: G* = 12.1 [11.8, 12.3] (1141s)
    d=32 delta=1e-03: G in [16.0, 32.0] (chi2(16.0) = 1.14e-03)
    d=32 delta=1e-03: G in [16.0, 22.6] (chi2(22.6) = 5.88e-05)
    d=32 delta=1e-03: G in [16.0, 19.0] (chi2(19.0) = 2.93e-04)
    d=32 delta=1e-03: G in [16.0, 17.4] (chi2(17.4) = 5.95e-04)
    d=32 delta=1e-03: G in [16.0, 16.7] (chi2(16.7) = 8.29e-04)
[G*] d=32 delta=1e-03: G* = 16.4 [16.0, 16.7] (1186s)
    d=64 delta=1e-03: G in [16.0, 32.0] (chi2(16.0) = 9.23e-03)
    d=64 delta=1e-03: G in [16.0, 22.6] (chi2(22.6) = 9.74e-04)
    d=64 delta=1e-03: G in [19.0, 22.6] (chi2(19.0) = 3.29e-03)
    d=64 delta=1e-03: G in [20.7, 22.6] (chi2(20.7) = 1.84e-03)
    d=64 delta=1e-03: G in [21.7, 22.6] (chi2(21.7) = 1.35e-03)
[G*] d=64 delta=1e-03: G* = 22.1 [21.7, 22.6] (893s)
[FIT] delta=1e-03: G* ~ d^0.405, R^2 = 0.99634
    d=2 delta=1e-05: G in [8.0, 16.0] (chi2(16.0) = 1.03e-07)
    d=2 delta=1e-05: G in [8.0, 11.3] (chi2(11.3) = 4.93e-06)
    d=2 delta=1e-05: G in [9.5, 11.3] (chi2(9.5) = 2.14e-05)
    d=2 delta=1e-05: G in [10.4, 11.3] (chi2(10.4) = 1.05e-05)
    d=2 delta=1e-05: G in [10.4, 10.8] (chi2(10.8) = 7.27e-06)
[G*] d=2 delta=1e-05: G* = 10.6 [10.4, 10.8] (61s)
    d=4 delta=1e-05: G in [8.0, 16.0] (chi2(16.0) = 7.55e-07)
    d=4 delta=1e-05: G in [11.3, 16.0] (chi2(11.3) = 2.56e-05)
    d=4 delta=1e-05: G in [11.3, 13.5] (chi2(13.5) = 5.00e-06)
    d=4 delta=1e-05: G in [12.3, 13.5] (chi2(12.3) = 1.17e-05)
    d=4 delta=1e-05: G in [12.3, 12.9] (chi2(12.9) = 7.70e-06)
[G*] d=4 delta=1e-05: G* = 12.6 [12.3, 12.9] (800s)
    d=8 delta=1e-05: G in [8.0, 16.0] (chi2(16.0) = 7.68e-06)
    d=8 delta=1e-05: G in [11.3, 16.0] (chi2(11.3) = 1.83e-04)
    d=8 delta=1e-05: G in [13.5, 16.0] (chi2(13.5) = 4.21e-05)
    d=8 delta=1e-05: G in [14.7, 16.0] (chi2(14.7) = 1.86e-05)
    d=8 delta=1e-05: G in [15.3, 16.0] (chi2(15.3) = 1.20e-05)
[G*] d=8 delta=1e-05: G* = 15.7 [15.3, 16.0] (780s)
    d=16 delta=1e-05: G in [16.0, 32.0] (chi2(16.0) = 9.78e-05)
    d=16 delta=1e-05: G in [16.0, 22.6] (chi2(22.6) = 2.44e-06)
    d=16 delta=1e-05: G in [19.0, 22.6] (chi2(19.0) = 1.79e-05)
    d=16 delta=1e-05: G in [19.0, 20.7] (chi2(20.7) = 6.90e-06)
    d=16 delta=1e-05: G in [19.9, 20.7] (chi2(19.9) = 1.12e-05)
[G*] d=16 delta=1e-05: G* = 20.3 [19.9, 20.7] (741s)
    d=32 delta=1e-05: G in [16.0, 32.0] (chi2(16.0) = 1.14e-03)
    d=32 delta=1e-05: G in [22.6, 32.0] (chi2(22.6) = 5.88e-05)
    d=32 delta=1e-05: G in [22.6, 26.9] (chi2(26.9) = 8.70e-06)
    d=32 delta=1e-05: G in [24.7, 26.9] (chi2(24.7) = 2.36e-05)
    d=32 delta=1e-05: G in [25.8, 26.9] (chi2(25.8) = 1.45e-05)
[G*] d=32 delta=1e-05: G* = 26.3 [25.8, 26.9] (746s)
    d=64 delta=1e-05: G in [32.0, 64.0] (chi2(64.0) = 3.78e-10)
    d=64 delta=1e-05: G in [32.0, 45.3] (chi2(45.3) = 3.87e-07)
    d=64 delta=1e-05: G in [32.0, 38.1] (chi2(38.1) = 4.94e-06)
    d=64 delta=1e-05: G in [34.9, 38.1] (chi2(34.9) = 1.48e-05)
    d=64 delta=1e-05: G in [34.9, 36.4] (chi2(36.4) = 8.67e-06)
[G*] d=64 delta=1e-05: G* = 35.7 [34.9, 36.4] (789s)
[FIT] delta=1e-05: G* ~ d^0.352, R^2 = 0.99209
[CONV] d=64, G=22: chi2 = 1.1476e-03 vs doubled 1.1476e-03
done in 14686s -> C:\Users\Utkarsh\Desktop\Project\ICML 2026\results\exp2
